# JRE version: OpenJDK Runtime Environment Temurin-21.0.9+10 (21.0.9+10) (build 21.0.9+10-LTS)
# Java VM: OpenJDK 64-Bit Server VM Temurin-21.0.9+10 (21.0.9+10-LTS, mixed mode, sharing, tiered, compressed oops, compressed class ptrs, parallel gc, windows-amd64)
GC Precious Log:
 CardTable entry size: 512
 CPUs: 12 total, 12 available
 Memory: 16055M
 Large Page Support: Disabled
 NUMA Support: Disabled
 Compressed Oops: Enabled (32-bit)
 Alignments: Space 512K, Generation 512K, Heap 2M
 Heap Min Capacity: 100M
 Heap Initial Capacity: 100M
 Heap Max Capacity: 2G
 Pre-touch: Disabled
 Parallel Workers: 10
Heap:
 PSYoungGen      total 2560K, used 2013K [0x00000000d5580000, 0x00000000d5900000, 0x0000000100000000)
  eden space 1536K, 97% used [0x00000000d5580000,0x00000000d56f77f8,0x00000000d5700000)
  from space 1024K, 50% used [0x00000000d5700000,0x00000000d5780000,0x00000000d5800000)
  to   space 1024K, 0% used [0x00000000d5800000,0x00000000d5800000,0x00000000d5900000)
 ParOldGen       total 237568K, used 165434K [0x0000000080000000, 0x000000008e800000, 0x00000000d5580000)
  object space 237568K, 69% used [0x0000000080000000,0x000000008a18eb28,0x000000008e800000)
 Metaspace       used 66940K, committed 68288K, reserved 1114112K
  class space    used 7120K, committed 7744K, reserved 1048576K
GC Heap History (20 events):
Event: 93.458 GC heap before
{Heap before GC invocations=744 (full 3):
 PSYoungGen      total 3072K, used 3007K [0x00000000d5580000, 0x00000000d5980000, 0x0000000100000000)
  eden space 2560K, 99% used [0x00000000d5580000,0x00000000d57fff98,0x00000000d5800000)
  from space 512K, 87% used [0x00000000d5900000,0x00000000d5970000,0x00000000d5980000)
  to   space 512K, 0% used [0x00000000d5880000,0x00000000d5880000,0x00000000d5900000)
 ParOldGen       total 237568K, used 159559K [0x0000000080000000, 0x000000008e800000, 0x00000000d5580000)
  object space 237568K, 67% used [0x0000000080000000,0x0000000089bd1f08,0x000000008e800000)
 Metaspace       used 66182K, committed 67520K, reserved 1114112K
  class space    used 7048K, committed 7616K, reserved 1048576K
}
Event: 93.460 GC heap after
{Heap after GC invocations=744 (full 3):
 PSYoungGen      total 3072K, used 492K [0x00000000d5580000, 0x00000000d5a00000, 0x0000000100000000)
  eden space 2560K, 0% used [0x00000000d5580000,0x00000000d5580000,0x00000000d5800000)
  from space 512K, 96% used [0x00000000d5880000,0x00000000d58fb010,0x00000000d5900000)
  to   space 1024K, 0% used [0x00000000d5900000,0x00000000d5900000,0x00000000d5a00000)
 ParOldGen       total 237568K, used 159871K [0x0000000080000000, 0x000000008e800000, 0x00000000d5580000)
  object space 237568K, 67% used [0x0000000080000000,0x0000000089c1ff08,0x000000008e800000)
 Metaspace       used 66182K, committed 67520K, reserved 1114112K
  class space    used 7048K, committed 7616K, reserved 1048576K
}
Event: 93.471 GC heap before
{Heap before GC invocations=745 (full 3):
 PSYoungGen      total 3072K, used 3047K [0x00000000d5580000, 0x00000000d5a00000, 0x0000000100000000)
  eden space 2560K, 99% used [0x00000000d5580000,0x00000000d57fef00,0x00000000d5800000)
  from space 512K, 96% used [0x00000000d5880000,0x00000000d58fb010,0x00000000d5900000)
  to   space 1024K, 0% used [0x00000000d5900000,0x00000000d5900000,0x00000000d5a00000)
 ParOldGen       total 237568K, used 159871K [0x0000000080000000, 0x000000008e800000, 0x00000000d5580000)
  object space 237568K, 67% used [0x0000000080000000,0x0000000089c1ff08,0x000000008e800000)
 Metaspace       used 66228K, committed 67584K, reserved 1114112K
  class space    used 7053K, committed 7680K, reserved 1048576K
}
Event: 93.473 GC heap after
{Heap after GC invocations=745 (full 3):
 PSYoungGen      total 3072K, used 320K [0x00000000d5580000, 0x00000000d5980000, 0x0000000100000000)
  eden space 2560K, 0% used [0x00000000d5580000,0x00000000d5580000,0x00000000d5800000)
  from space 512K, 62% used [0x00000000d5900000,0x00000000d5950000,0x00000000d5980000)
  to   space 512K, 0% used [0x00000000d5880000,0x00000000d5880000,0x00000000d5900000)
 ParOldGen       total 237568K, used 160291K [0x0000000080000000, 0x000000008e800000, 0x00000000d5580000)
  object space 237568K, 67% used [0x0000000080000000,0x0000000089c88f18,0x000000008e800000)
 Metaspace       used 66228K, committed 67584K, reserved 1114112K
  class space    used 7053K, committed 7680K, reserved 1048576K
}
Event: 93.483 GC heap before
{Heap before GC invocations=746 (full 3):
 PSYoungGen      total 3072K, used 2880K [0x00000000d5580000, 0x00000000d5980000, 0x0000000100000000)
  eden space 2560K, 100% used [0x00000000d5580000,0x00000000d5800000,0x00000000d5800000)
  from space 512K, 62% used [0x00000000d5900000,0x00000000d5950000,0x00000000d5980000)
  to   space 512K, 0% used [0x00000000d5880000,0x00000000d5880000,0x00000000d5900000)
 ParOldGen       total 237568K, used 160291K [0x0000000080000000, 0x000000008e800000, 0x00000000d5580000)
  object space 237568K, 67% used [0x0000000080000000,0x0000000089c88f18,0x000000008e800000)
 Metaspace       used 66269K, committed 67648K, reserved 1114112K
  class space    used 7058K, committed 7680K, reserved 1048576K
}
Event: 93.484 GC heap after
{Heap after GC invocations=746 (full 3):
 PSYoungGen      total 3072K, used 416K [0x00000000d5580000, 0x00000000d5980000, 0x0000000100000000)
  eden space 2560K, 0% used [0x00000000d5580000,0x00000000d5580000,0x00000000d5800000)
  from space 512K, 81% used [0x00000000d5880000,0x00000000d58e8000,0x00000000d5900000)
  to   space 512K, 0% used [0x00000000d5900000,0x00000000d5900000,0x00000000d5980000)
 ParOldGen       total 237568K, used 160555K [0x0000000080000000, 0x000000008e800000, 0x00000000d5580000)
  object space 237568K, 67% used [0x0000000080000000,0x0000000089ccaf18,0x000000008e800000)
 Metaspace       used 66269K, committed 67648K, reserved 1114112K
  class space    used 7058K, committed 7680K, reserved 1048576K
}
Event: 93.496 GC heap before
{Heap before GC invocations=747 (full 3):
 PSYoungGen      total 3072K, used 2976K [0x00000000d5580000, 0x00000000d5980000, 0x0000000100000000)
  eden space 2560K, 100% used [0x00000000d5580000,0x00000000d5800000,0x00000000d5800000)
  from space 512K, 81% used [0x00000000d5880000,0x00000000d58e8000,0x00000000d5900000)
  to   space 512K, 0% used [0x00000000d5900000,0x00000000d5900000,0x00000000d5980000)
 ParOldGen       total 237568K, used 160555K [0x0000000080000000, 0x000000008e800000, 0x00000000d5580000)
  object space 237568K, 67% used [0x0000000080000000,0x0000000089ccaf18,0x000000008e800000)
 Metaspace       used 66326K, committed 67712K, reserved 1114112K
  class space    used 7064K, committed 7680K, reserved 1048576K
}
Event: 93.499 GC heap after
{Heap after GC invocations=747 (full 3):
 PSYoungGen      total 3072K, used 352K [0x00000000d5580000, 0x00000000d5980000, 0x0000000100000000)
  eden space 2560K, 0% used [0x00000000d5580000,0x00000000d5580000,0x00000000d5800000)
  from space 512K, 68% used [0x00000000d5900000,0x00000000d5958000,0x00000000d5980000)
  to   space 512K, 0% used [0x00000000d5880000,0x00000000d5880000,0x00000000d5900000)
 ParOldGen       total 237568K, used 160755K [0x0000000080000000, 0x000000008e800000, 0x00000000d5580000)
  object space 237568K, 67% used [0x0000000080000000,0x0000000089cfcf18,0x000000008e800000)
 Metaspace       used 66326K, committed 67712K, reserved 1114112K
  class space    used 7064K, committed 7680K, reserved 1048576K
}
Event: 93.513 GC heap before
{Heap before GC invocations=748 (full 3):
 PSYoungGen      total 3072K, used 2912K [0x00000000d5580000, 0x00000000d5980000, 0x0000000100000000)
  eden space 2560K, 100% used [0x00000000d5580000,0x00000000d5800000,0x00000000d5800000)
  from space 512K, 68% used [0x00000000d5900000,0x00000000d5958000,0x00000000d5980000)
  to   space 512K, 0% used [0x00000000d5880000,0x00000000d5880000,0x00000000d5900000)
 ParOldGen       total 237568K, used 160755K [0x0000000080000000, 0x000000008e800000, 0x00000000d5580000)
  object space 237568K, 67% used [0x0000000080000000,0x0000000089cfcf18,0x000000008e800000)
 Metaspace       used 66380K, committed 67776K, reserved 1114112K
  class space    used 7069K, committed 7680K, reserved 1048576K
}
Event: 93.515 GC heap after
{Heap after GC invocations=748 (full 3):
 PSYoungGen      total 3072K, used 446K [0x00000000d5580000, 0x00000000d5980000, 0x0000000100000000)
  eden space 2560K, 0% used [0x00000000d5580000,0x00000000d5580000,0x00000000d5800000)
  from space 512K, 87% used [0x00000000d5880000,0x00000000d58ef808,0x00000000d5900000)
  to   space 512K, 0% used [0x00000000d5900000,0x00000000d5900000,0x00000000d5980000)
 ParOldGen       total 237568K, used 160955K [0x0000000080000000, 0x000000008e800000, 0x00000000d5580000)
  object space 237568K, 67% used [0x0000000080000000,0x0000000089d2ef18,0x000000008e800000)
 Metaspace       used 66380K, committed 67776K, reserved 1114112K
  class space    used 7069K, committed 7680K, reserved 1048576K
}
Event: 93.533 GC heap before
{Heap before GC invocations=749 (full 3):
 PSYoungGen      total 3072K, used 3006K [0x00000000d5580000, 0x00000000d5980000, 0x0000000100000000)
  eden space 2560K, 99% used [0x00000000d5580000,0x00000000d57ffff8,0x00000000d5800000)
  from space 512K, 87% used [0x00000000d5880000,0x00000000d58ef808,0x00000000d5900000)
  to   space 512K, 0% used [0x00000000d5900000,0x00000000d5900000,0x00000000d5980000)
 ParOldGen       total 237568K, used 160955K [0x0000000080000000, 0x000000008e800000, 0x00000000d5580000)
  object space 237568K, 67% used [0x0000000080000000,0x0000000089d2ef18,0x000000008e800000)
 Metaspace       used 66418K, committed 67776K, reserved 1114112K
  class space    used 7071K, committed 7680K, reserved 1048576K
}
Event: 93.535 GC heap after
{Heap after GC invocations=749 (full 3):
 PSYoungGen      total 2048K, used 481K [0x00000000d5580000, 0x00000000d5c00000, 0x0000000100000000)
  eden space 1536K, 0% used [0x00000000d5580000,0x00000000d5580000,0x00000000d5700000)
  from space 512K, 94% used [0x00000000d5900000,0x00000000d5978700,0x00000000d5980000)
  to   space 2048K, 0% used [0x00000000d5700000,0x00000000d5700000,0x00000000d5900000)
 ParOldGen       total 237568K, used 162145K [0x0000000080000000, 0x000000008e800000, 0x00000000d5580000)
  object space 237568K, 68% used [0x0000000080000000,0x0000000089e584d8,0x000000008e800000)
 Metaspace       used 66418K, committed 67776K, reserved 1114112K
  class space    used 7071K, committed 7680K, reserved 1048576K
}
Event: 93.553 GC heap before
{Heap before GC invocations=750 (full 3):
 PSYoungGen      total 2048K, used 2017K [0x00000000d5580000, 0x00000000d5c00000, 0x0000000100000000)
  eden space 1536K, 100% used [0x00000000d5580000,0x00000000d5700000,0x00000000d5700000)
  from space 512K, 94% used [0x00000000d5900000,0x00000000d5978700,0x00000000d5980000)
  to   space 2048K, 0% used [0x00000000d5700000,0x00000000d5700000,0x00000000d5900000)
 ParOldGen       total 237568K, used 162145K [0x0000000080000000, 0x000000008e800000, 0x00000000d5580000)
  object space 237568K, 68% used [0x0000000080000000,0x0000000089e584d8,0x000000008e800000)
 Metaspace       used 66429K, committed 67776K, reserved 1114112K
  class space    used 7073K, committed 7680K, reserved 1048576K
}
Event: 93.555 GC heap after
{Heap after GC invocations=750 (full 3):
 PSYoungGen      total 3072K, used 1364K [0x00000000d5580000, 0x00000000d5a00000, 0x0000000100000000)
  eden space 1536K, 0% used [0x00000000d5580000,0x00000000d5580000,0x00000000d5700000)
  from space 1536K, 88% used [0x00000000d5700000,0x00000000d5855000,0x00000000d5880000)
  to   space 1536K, 0% used [0x00000000d5880000,0x00000000d5880000,0x00000000d5a00000)
 ParOldGen       total 237568K, used 162540K [0x0000000080000000, 0x000000008e800000, 0x00000000d5580000)
  object space 237568K, 68% used [0x0000000080000000,0x0000000089ebb0d8,0x000000008e800000)
 Metaspace       used 66429K, committed 67776K, reserved 1114112K
  class space    used 7073K, committed 7680K, reserved 1048576K
}
Event: 93.607 GC heap before
{Heap before GC invocations=751 (full 3):
 PSYoungGen      total 3072K, used 2899K [0x00000000d5580000, 0x00000000d5a00000, 0x0000000100000000)
  eden space 1536K, 99% used [0x00000000d5580000,0x00000000d56fffd8,0x00000000d5700000)
  from space 1536K, 88% used [0x00000000d5700000,0x00000000d5855000,0x00000000d5880000)
  to   space 1536K, 0% used [0x00000000d5880000,0x00000000d5880000,0x00000000d5a00000)
 ParOldGen       total 237568K, used 162540K [0x0000000080000000, 0x000000008e800000, 0x00000000d5580000)
  object space 237568K, 68% used [0x0000000080000000,0x0000000089ebb0d8,0x000000008e800000)
 Metaspace       used 66447K, committed 67776K, reserved 1114112K
  class space    used 7075K, committed 7680K, reserved 1048576K
}
Event: 93.609 GC heap after
{Heap after GC invocations=751 (full 3):
 PSYoungGen      total 3072K, used 1163K [0x00000000d5580000, 0x00000000d5a00000, 0x0000000100000000)
  eden space 1536K, 0% used [0x00000000d5580000,0x00000000d5580000,0x00000000d5700000)
  from space 1536K, 75% used [0x00000000d5880000,0x00000000d59a2c00,0x00000000d5a00000)
  to   space 1536K, 0% used [0x00000000d5700000,0x00000000d5700000,0x00000000d5880000)
 ParOldGen       total 237568K, used 163716K [0x0000000080000000, 0x000000008e800000, 0x00000000d5580000)
  object space 237568K, 68% used [0x0000000080000000,0x0000000089fe10c8,0x000000008e800000)
 Metaspace       used 66447K, committed 67776K, reserved 1114112K
  class space    used 7075K, committed 7680K, reserved 1048576K
}
Event: 93.657 GC heap before
{Heap before GC invocations=752 (full 3):
 PSYoungGen      total 3072K, used 2686K [0x00000000d5580000, 0x00000000d5a00000, 0x0000000100000000)
  eden space 1536K, 99% used [0x00000000d5580000,0x00000000d56fce80,0x00000000d5700000)
  from space 1536K, 75% used [0x00000000d5880000,0x00000000d59a2c00,0x00000000d5a00000)
  to   space 1536K, 0% used [0x00000000d5700000,0x00000000d5700000,0x00000000d5880000)
 ParOldGen       total 237568K, used 163716K [0x0000000080000000, 0x000000008e800000, 0x00000000d5580000)
  object space 237568K, 68% used [0x0000000080000000,0x0000000089fe10c8,0x000000008e800000)
 Metaspace       used 66555K, committed 67904K, reserved 1114112K
  class space    used 7081K, committed 7680K, reserved 1048576K
}
Event: 93.659 GC heap after
{Heap after GC invocations=752 (full 3):
 PSYoungGen      total 2560K, used 625K [0x00000000d5580000, 0x00000000d5900000, 0x0000000100000000)
  eden space 1536K, 0% used [0x00000000d5580000,0x00000000d5580000,0x00000000d5700000)
  from space 1024K, 61% used [0x00000000d5700000,0x00000000d579c510,0x00000000d5800000)
  to   space 1024K, 0% used [0x00000000d5800000,0x00000000d5800000,0x00000000d5900000)
 ParOldGen       total 237568K, used 164680K [0x0000000080000000, 0x000000008e800000, 0x00000000d5580000)
  object space 237568K, 69% used [0x0000000080000000,0x000000008a0d20c0,0x000000008e800000)
 Metaspace       used 66555K, committed 67904K, reserved 1114112K
  class space    used 7081K, committed 7680K, reserved 1048576K
}
Event: 93.695 GC heap before
{Heap before GC invocations=753 (full 3):
 PSYoungGen      total 2560K, used 2161K [0x00000000d5580000, 0x00000000d5900000, 0x0000000100000000)
  eden space 1536K, 100% used [0x00000000d5580000,0x00000000d5700000,0x00000000d5700000)
  from space 1024K, 61% used [0x00000000d5700000,0x00000000d579c510,0x00000000d5800000)
  to   space 1024K, 0% used [0x00000000d5800000,0x00000000d5800000,0x00000000d5900000)
 ParOldGen       total 237568K, used 164680K [0x0000000080000000, 0x000000008e800000, 0x00000000d5580000)
  object space 237568K, 69% used [0x0000000080000000,0x000000008a0d20c0,0x000000008e800000)
 Metaspace       used 66761K, committed 68096K, reserved 1114112K
  class space    used 7093K, committed 7680K, reserved 1048576K
}
Event: 93.697 GC heap after
{Heap after GC invocations=753 (full 3):
 PSYoungGen      total 2560K, used 538K [0x00000000d5580000, 0x00000000d5900000, 0x0000000100000000)
  eden space 1536K, 0% used [0x00000000d5580000,0x00000000d5580000,0x00000000d5700000)
  from space 1024K, 52% used [0x00000000d5800000,0x00000000d5886810,0x00000000d5900000)
  to   space 1024K, 0% used [0x00000000d5700000,0x00000000d5700000,0x00000000d5800000)
 ParOldGen       total 237568K, used 165082K [0x0000000080000000, 0x000000008e800000, 0x00000000d5580000)
  object space 237568K, 69% used [0x0000000080000000,0x000000008a136870,0x000000008e800000)
 Metaspace       used 66761K, committed 68096K, reserved 1114112K
  class space    used 7093K, committed 7680K, reserved 1048576K
}

